2024-07-30 12:08:39.9487 [INFO] MastercardHost.MyLogManager.Log(MyLogManager.cs:21) - Application started 
2024-07-30 12:08:40.0286 [INFO] MastercardHost.MyLogManager.Log(MyLogManager.cs:21) - 当前区域性:zh-CN 
2024-07-30 12:08:40.0423 [INFO] MastercardHost.MyLogManager.Log(MyLogManager.cs:21) - 区域性名称:中文(简体，中国) 
2024-07-30 12:08:40.0423 [INFO] MastercardHost.MyLogManager.Log(MyLogManager.cs:21) - 当前线程的文化信息:zh-CN 
2024-07-30 13:56:51.8390 [INFO] MastercardHost.MyLogManager.Log(MyLogManager.cs:21) - Application started 
2024-07-30 13:56:51.9050 [INFO] MastercardHost.MyLogManager.Log(MyLogManager.cs:21) - 当前区域性:zh-CN 
2024-07-30 13:56:51.9312 [INFO] MastercardHost.MyLogManager.Log(MyLogManager.cs:21) - 区域性名称:中文(简体，中国) 
2024-07-30 13:56:51.9312 [INFO] MastercardHost.MyLogManager.Log(MyLogManager.cs:21) - 当前线程的文化信息:zh-CN 
2024-07-30 14:11:37.4643 [INFO] MastercardHost.MyLogManager.Log(MyLogManager.cs:21) - Application started 
2024-07-30 14:11:37.5110 [INFO] MastercardHost.MyLogManager.Log(MyLogManager.cs:21) - 当前区域性:zh-CN 
2024-07-30 14:11:37.5357 [INFO] MastercardHost.MyLogManager.Log(MyLogManager.cs:21) - 区域性名称:中文(简体，中国) 
2024-07-30 14:11:37.5357 [INFO] MastercardHost.MyLogManager.Log(MyLogManager.cs:21) - 当前线程的文化信息:zh-CN 
2024-07-30 14:15:11.4019 [INFO] MastercardHost.MyLogManager.Log(MyLogManager.cs:21) - Application started 
2024-07-30 14:15:11.4511 [INFO] MastercardHost.MyLogManager.Log(MyLogManager.cs:21) - 当前区域性:zh-CN 
2024-07-30 14:15:11.4659 [INFO] MastercardHost.MyLogManager.Log(MyLogManager.cs:21) - 区域性名称:中文(简体，中国) 
2024-07-30 14:15:11.4659 [INFO] MastercardHost.MyLogManager.Log(MyLogManager.cs:21) - 当前线程的文化信息:zh-CN 
2024-07-30 14:15:11.5572 [INFO] MastercardHost.MyLogManager.Log(MyLogManager.cs:21) - _isListenEnabled = True 
2024-07-30 14:15:11.5577 [INFO] MastercardHost.MyLogManager.Log(MyLogManager.cs:21) - _isStopListenEnabled = False 
2024-07-30 14:15:11.5577 [INFO] MastercardHost.MyLogManager.Log(MyLogManager.cs:21) - _isBindEnabled = False 
2024-07-30 14:15:11.5577 [INFO] MastercardHost.MyLogManager.Log(MyLogManager.cs:21) - _isStopBindEnabled = False 
2024-07-30 14:16:44.9809 [INFO] MastercardHost.MyLogManager.Log(MyLogManager.cs:21) - Application started 
2024-07-30 14:16:45.0266 [INFO] MastercardHost.MyLogManager.Log(MyLogManager.cs:21) - 当前区域性:zh-CN 
2024-07-30 14:16:45.0436 [INFO] MastercardHost.MyLogManager.Log(MyLogManager.cs:21) - 区域性名称:中文(简体，中国) 
2024-07-30 14:16:45.0436 [INFO] MastercardHost.MyLogManager.Log(MyLogManager.cs:21) - 当前线程的文化信息:zh-CN 
2024-07-30 14:16:45.1276 [INFO] MastercardHost.MyLogManager.Log(MyLogManager.cs:21) - _isListenEnabled = True 
2024-07-30 14:16:45.1276 [INFO] MastercardHost.MyLogManager.Log(MyLogManager.cs:21) - _isStopListenEnabled = False 
2024-07-30 14:16:45.1276 [INFO] MastercardHost.MyLogManager.Log(MyLogManager.cs:21) - _isBindEnabled = True 
2024-07-30 14:16:45.1276 [INFO] MastercardHost.MyLogManager.Log(MyLogManager.cs:21) - _isStopBindEnabled = False 
2024-07-30 14:20:49.0263 [INFO] MastercardHost.MyLogManager.Log(MyLogManager.cs:21) - Application started 
2024-07-30 14:20:49.0779 [INFO] MastercardHost.MyLogManager.Log(MyLogManager.cs:21) - 当前区域性:zh-CN 
2024-07-30 14:20:49.0951 [INFO] MastercardHost.MyLogManager.Log(MyLogManager.cs:21) - 区域性名称:中文(简体，中国) 
2024-07-30 14:20:49.0951 [INFO] MastercardHost.MyLogManager.Log(MyLogManager.cs:21) - 当前线程的文化信息:zh-CN 
2024-07-30 14:20:49.1863 [INFO] MastercardHost.MyLogManager.Log(MyLogManager.cs:21) - _isListenEnabled = True 
2024-07-30 14:20:49.1863 [INFO] MastercardHost.MyLogManager.Log(MyLogManager.cs:21) - _isStopListenEnabled = False 
2024-07-30 14:20:49.1863 [INFO] MastercardHost.MyLogManager.Log(MyLogManager.cs:21) - _isBindEnabled = True 
2024-07-30 14:20:49.1863 [INFO] MastercardHost.MyLogManager.Log(MyLogManager.cs:21) - _isStopBindEnabled = False 
2024-07-30 14:57:01.3102 [INFO] MastercardHost.MyLogManager.Log(MyLogManager.cs:21) - Application started 
2024-07-30 14:57:01.3700 [INFO] MastercardHost.MyLogManager.Log(MyLogManager.cs:21) - 当前区域性:zh-CN 
2024-07-30 14:57:01.3700 [INFO] MastercardHost.MyLogManager.Log(MyLogManager.cs:21) - 区域性名称:中文(简体，中国) 
2024-07-30 14:57:01.3700 [INFO] MastercardHost.MyLogManager.Log(MyLogManager.cs:21) - 当前线程的文化信息:zh-CN 
2024-07-30 14:57:01.4635 [INFO] MastercardHost.MyLogManager.Log(MyLogManager.cs:21) - _isListenEnabled = True 
2024-07-30 14:57:01.4650 [INFO] MastercardHost.MyLogManager.Log(MyLogManager.cs:21) - _isStopListenEnabled = False 
2024-07-30 14:57:01.4650 [INFO] MastercardHost.MyLogManager.Log(MyLogManager.cs:21) - _isBindEnabled = True 
2024-07-30 14:57:01.4650 [INFO] MastercardHost.MyLogManager.Log(MyLogManager.cs:21) - _isStopBindEnabled = False 
2024-07-30 14:57:03.2258 [INFO] MastercardHost.MyLogManager.Log(MyLogManager.cs:21) - Server Started Listen on 8765 
2024-07-30 14:58:11.5264 [INFO] MastercardHost.MyLogManager.Log(MyLogManager.cs:21) - Application started 
2024-07-30 14:58:11.5801 [INFO] MastercardHost.MyLogManager.Log(MyLogManager.cs:21) - 当前区域性:zh-CN 
2024-07-30 14:58:11.5937 [INFO] MastercardHost.MyLogManager.Log(MyLogManager.cs:21) - 区域性名称:中文(简体，中国) 
2024-07-30 14:58:11.5937 [INFO] MastercardHost.MyLogManager.Log(MyLogManager.cs:21) - 当前线程的文化信息:zh-CN 
2024-07-30 14:58:11.6741 [INFO] MastercardHost.MyLogManager.Log(MyLogManager.cs:21) - _isListenEnabled = True 
2024-07-30 14:58:11.6741 [INFO] MastercardHost.MyLogManager.Log(MyLogManager.cs:21) - _isStopListenEnabled = False 
2024-07-30 14:58:11.6741 [INFO] MastercardHost.MyLogManager.Log(MyLogManager.cs:21) - _isBindEnabled = True 
2024-07-30 14:58:11.6741 [INFO] MastercardHost.MyLogManager.Log(MyLogManager.cs:21) - _isStopBindEnabled = False 
2024-07-30 14:58:13.9266 [INFO] MastercardHost.MyLogManager.Log(MyLogManager.cs:21) - _isListenEnabled = True 
2024-07-30 14:58:13.9266 [INFO] MastercardHost.MyLogManager.Log(MyLogManager.cs:21) - _isStopListenEnabled = False 
2024-07-30 14:58:13.9266 [INFO] MastercardHost.MyLogManager.Log(MyLogManager.cs:21) - _isBindEnabled = True 
2024-07-30 14:58:13.9266 [INFO] MastercardHost.MyLogManager.Log(MyLogManager.cs:21) - _isStopBindEnabled = False 
2024-07-30 14:58:13.9334 [INFO] MastercardHost.MyLogManager.Log(MyLogManager.cs:21) - Server Started Listen on 8765 
2024-07-30 15:47:51.4022 [INFO] MastercardHost.MyLogManager.Log(MyLogManager.cs:29) - Application started 
2024-07-30 15:47:51.4556 [INFO] MastercardHost.MyLogManager.Log(MyLogManager.cs:29) - 当前区域性:zh-CN 
2024-07-30 15:47:51.4684 [INFO] MastercardHost.MyLogManager.Log(MyLogManager.cs:29) - 区域性名称:中文(简体，中国) 
2024-07-30 15:47:51.4684 [INFO] MastercardHost.MyLogManager.Log(MyLogManager.cs:29) - 当前线程的文化信息:zh-CN 
2024-07-30 15:47:51.5621 [INFO] MastercardHost.MyLogManager.Log(MyLogManager.cs:29) - _isListenEnabled = True 
2024-07-30 15:47:51.5621 [INFO] MastercardHost.MyLogManager.Log(MyLogManager.cs:29) - _isStopListenEnabled = False 
2024-07-30 15:47:51.5621 [INFO] MastercardHost.MyLogManager.Log(MyLogManager.cs:29) - _isBindEnabled = True 
2024-07-30 15:47:51.5621 [INFO] MastercardHost.MyLogManager.Log(MyLogManager.cs:29) - _isStopBindEnabled = False 
2024-07-30 15:49:08.1669 [INFO] MastercardHost.MyLogManager.Log(MyLogManager.cs:29) - Application started 
2024-07-30 15:49:08.2323 [INFO] MastercardHost.MyLogManager.Log(MyLogManager.cs:29) - 当前区域性:zh-CN 
2024-07-30 15:49:08.2323 [INFO] MastercardHost.MyLogManager.Log(MyLogManager.cs:29) - 区域性名称:中文(简体，中国) 
2024-07-30 15:49:08.2323 [INFO] MastercardHost.MyLogManager.Log(MyLogManager.cs:29) - 当前线程的文化信息:zh-CN 
2024-07-30 15:49:08.3367 [INFO] MastercardHost.MyLogManager.Log(MyLogManager.cs:29) - _isListenEnabled = True 
2024-07-30 15:49:08.3367 [INFO] MastercardHost.MyLogManager.Log(MyLogManager.cs:29) - _isStopListenEnabled = False 
2024-07-30 15:49:08.3367 [INFO] MastercardHost.MyLogManager.Log(MyLogManager.cs:29) - _isBindEnabled = True 
2024-07-30 15:49:08.3367 [INFO] MastercardHost.MyLogManager.Log(MyLogManager.cs:29) - _isStopBindEnabled = False 
2024-07-30 15:49:16.5096 [INFO] MastercardHost.MyLogManager.Log(MyLogManager.cs:29) - _isListenEnabled = True 
2024-07-30 15:49:16.5116 [INFO] MastercardHost.MyLogManager.Log(MyLogManager.cs:29) - _isStopListenEnabled = False 
2024-07-30 15:49:16.5116 [INFO] MastercardHost.MyLogManager.Log(MyLogManager.cs:29) - _isBindEnabled = True 
2024-07-30 15:49:16.5116 [INFO] MastercardHost.MyLogManager.Log(MyLogManager.cs:29) - _isStopBindEnabled = False 
2024-07-30 15:49:16.5116 [INFO] MastercardHost.MyLogManager.Log(MyLogManager.cs:29) - Server Started Listen on 8765 
2024-07-30 15:51:10.6222 [INFO] MastercardHost.MyLogManager.Log(MyLogManager.cs:29) - Application started 
2024-07-30 15:51:10.6710 [INFO] MastercardHost.MyLogManager.Log(MyLogManager.cs:29) - 当前区域性:zh-CN 
2024-07-30 15:51:10.6830 [INFO] MastercardHost.MyLogManager.Log(MyLogManager.cs:29) - 区域性名称:中文(简体，中国) 
2024-07-30 15:51:10.6830 [INFO] MastercardHost.MyLogManager.Log(MyLogManager.cs:29) - 当前线程的文化信息:zh-CN 
2024-07-30 15:51:10.7785 [INFO] MastercardHost.MyLogManager.Log(MyLogManager.cs:29) - _isListenEnabled = True 
2024-07-30 15:51:10.7785 [INFO] MastercardHost.MyLogManager.Log(MyLogManager.cs:29) - _isStopListenEnabled = False 
2024-07-30 15:51:10.7785 [INFO] MastercardHost.MyLogManager.Log(MyLogManager.cs:29) - _isBindEnabled = True 
2024-07-30 15:51:10.7785 [INFO] MastercardHost.MyLogManager.Log(MyLogManager.cs:29) - _isStopBindEnabled = False 
2024-07-30 16:19:56.8289 [INFO] MastercardHost.MyLogManager.Log(MyLogManager.cs:29) - Application started 
2024-07-30 16:19:56.8814 [INFO] MastercardHost.MyLogManager.Log(MyLogManager.cs:29) - 当前区域性:zh-CN 
2024-07-30 16:19:56.8944 [INFO] MastercardHost.MyLogManager.Log(MyLogManager.cs:29) - 区域性名称:中文(简体，中国) 
2024-07-30 16:19:56.8944 [INFO] MastercardHost.MyLogManager.Log(MyLogManager.cs:29) - 当前线程的文化信息:zh-CN 
2024-07-30 16:19:56.9776 [INFO] MastercardHost.MyLogManager.Log(MyLogManager.cs:29) - _isListenEnabled = True 
2024-07-30 16:19:56.9776 [INFO] MastercardHost.MyLogManager.Log(MyLogManager.cs:29) - _isStopListenEnabled = False 
2024-07-30 16:19:56.9776 [INFO] MastercardHost.MyLogManager.Log(MyLogManager.cs:29) - _isBindEnabled = True 
2024-07-30 16:19:56.9776 [INFO] MastercardHost.MyLogManager.Log(MyLogManager.cs:29) - _isStopBindEnabled = False 
2024-07-30 16:27:12.1438 [INFO] MastercardHost.MyLogManager.Log(MyLogManager.cs:27) - Application started 
2024-07-30 16:27:12.2055 [INFO] MastercardHost.MyLogManager.Log(MyLogManager.cs:27) - 当前区域性:zh-CN 
2024-07-30 16:27:12.2055 [INFO] MastercardHost.MyLogManager.Log(MyLogManager.cs:27) - 区域性名称:中文(简体，中国) 
2024-07-30 16:27:12.2055 [INFO] MastercardHost.MyLogManager.Log(MyLogManager.cs:27) - 当前线程的文化信息:zh-CN 
2024-07-30 16:27:12.3017 [INFO] MastercardHost.MyLogManager.Log(MyLogManager.cs:27) - _isListenEnabled = True 
2024-07-30 16:27:12.3017 [INFO] MastercardHost.MyLogManager.Log(MyLogManager.cs:27) - _isStopListenEnabled = False 
2024-07-30 16:27:12.3017 [INFO] MastercardHost.MyLogManager.Log(MyLogManager.cs:27) - _isBindEnabled = True 
2024-07-30 16:27:12.3017 [INFO] MastercardHost.MyLogManager.Log(MyLogManager.cs:27) - _isStopBindEnabled = False 
2024-07-30 16:30:50.8949 [INFO] MastercardHost.MyLogManager.Log(MyLogManager.cs:34) - Application started 
2024-07-30 16:30:50.9574 [INFO] MastercardHost.MyLogManager.Log(MyLogManager.cs:34) - 当前区域性:zh-CN 
2024-07-30 16:30:50.9711 [INFO] MastercardHost.MyLogManager.Log(MyLogManager.cs:34) - 区域性名称:中文(简体，中国) 
2024-07-30 16:30:50.9711 [INFO] MastercardHost.MyLogManager.Log(MyLogManager.cs:34) - 当前线程的文化信息:zh-CN 
2024-07-30 16:30:51.0533 [INFO] MastercardHost.MyLogManager.Log(MyLogManager.cs:34) - _isListenEnabled = True 
2024-07-30 16:30:51.0533 [INFO] MastercardHost.MyLogManager.Log(MyLogManager.cs:34) - _isStopListenEnabled = False 
2024-07-30 16:30:51.0533 [INFO] MastercardHost.MyLogManager.Log(MyLogManager.cs:34) - _isBindEnabled = True 
2024-07-30 16:30:51.0533 [INFO] MastercardHost.MyLogManager.Log(MyLogManager.cs:34) - _isStopBindEnabled = False 
2024-07-30 16:42:14.2692 [INFO] MastercardHost.MyLogManager.Log(MyLogManager.cs:40) - Application started 
2024-07-30 16:42:14.3320 [INFO] MastercardHost.MyLogManager.Log(MyLogManager.cs:40) - 当前区域性:zh-CN 
2024-07-30 16:42:14.3474 [INFO] MastercardHost.MyLogManager.Log(MyLogManager.cs:40) - 区域性名称:中文(简体，中国) 
2024-07-30 16:42:14.3474 [INFO] MastercardHost.MyLogManager.Log(MyLogManager.cs:40) - 当前线程的文化信息:zh-CN 
2024-07-30 16:42:14.4482 [INFO] MastercardHost.MyLogManager.Log(MyLogManager.cs:40) - _isListenEnabled = True 
2024-07-30 16:42:14.4482 [INFO] MastercardHost.MyLogManager.Log(MyLogManager.cs:40) - _isStopListenEnabled = False 
2024-07-30 16:42:14.4482 [INFO] MastercardHost.MyLogManager.Log(MyLogManager.cs:40) - _isBindEnabled = True 
2024-07-30 16:42:14.4482 [INFO] MastercardHost.MyLogManager.Log(MyLogManager.cs:40) - _isStopBindEnabled = False 
2024-07-30 16:48:07.2977 [INFO] MastercardHost.MyLogManager.Log(MyLogManager.cs:40) - Application started 
2024-07-30 16:48:07.3540 [INFO] MastercardHost.MyLogManager.Log(MyLogManager.cs:40) - 当前区域性:zh-CN 
2024-07-30 16:48:07.3649 [INFO] MastercardHost.MyLogManager.Log(MyLogManager.cs:40) - 区域性名称:中文(简体，中国) 
2024-07-30 16:48:07.3649 [INFO] MastercardHost.MyLogManager.Log(MyLogManager.cs:40) - 当前线程的文化信息:zh-CN 
2024-07-30 16:48:07.4710 [INFO] MastercardHost.MyLogManager.Log(MyLogManager.cs:40) - _isListenEnabled = True 
2024-07-30 16:48:07.4710 [INFO] MastercardHost.MyLogManager.Log(MyLogManager.cs:40) - _isStopListenEnabled = False 
2024-07-30 16:48:07.4710 [INFO] MastercardHost.MyLogManager.Log(MyLogManager.cs:40) - _isBindEnabled = True 
2024-07-30 16:48:07.4710 [INFO] MastercardHost.MyLogManager.Log(MyLogManager.cs:40) - _isStopBindEnabled = False 
2024-07-30 16:48:27.0764 [INFO] MastercardHost.MyLogManager.Log(MyLogManager.cs:40) - _isListenEnabled = True 
2024-07-30 16:48:27.0764 [INFO] MastercardHost.MyLogManager.Log(MyLogManager.cs:40) - _isStopListenEnabled = False 
2024-07-30 16:48:27.0764 [INFO] MastercardHost.MyLogManager.Log(MyLogManager.cs:40) - _isBindEnabled = True 
2024-07-30 16:48:27.0764 [INFO] MastercardHost.MyLogManager.Log(MyLogManager.cs:40) - _isStopBindEnabled = False 
2024-07-30 16:48:27.0840 [INFO] MastercardHost.MyLogManager.Log(MyLogManager.cs:40) - Server Started Listen on 8765 
2024-07-30 16:49:33.3609 [INFO] MastercardHost.MyLogManager.Log(MyLogManager.cs:40) - Application started 
2024-07-30 16:49:33.4237 [INFO] MastercardHost.MyLogManager.Log(MyLogManager.cs:40) - 当前区域性:zh-CN 
2024-07-30 16:49:33.4237 [INFO] MastercardHost.MyLogManager.Log(MyLogManager.cs:40) - 区域性名称:中文(简体，中国) 
2024-07-30 16:49:33.4237 [INFO] MastercardHost.MyLogManager.Log(MyLogManager.cs:40) - 当前线程的文化信息:zh-CN 
2024-07-30 16:49:33.5253 [INFO] MastercardHost.MyLogManager.Log(MyLogManager.cs:40) - _isListenEnabled = True 
2024-07-30 16:49:33.5253 [INFO] MastercardHost.MyLogManager.Log(MyLogManager.cs:40) - _isStopListenEnabled = False 
2024-07-30 16:49:33.5253 [INFO] MastercardHost.MyLogManager.Log(MyLogManager.cs:40) - _isBindEnabled = True 
2024-07-30 16:49:33.5253 [INFO] MastercardHost.MyLogManager.Log(MyLogManager.cs:40) - _isStopBindEnabled = False 
2024-07-30 16:49:35.9106 [INFO] MastercardHost.MyLogManager.Log(MyLogManager.cs:40) - _isListenEnabled = True 
2024-07-30 16:49:35.9106 [INFO] MastercardHost.MyLogManager.Log(MyLogManager.cs:40) - _isStopListenEnabled = False 
2024-07-30 16:49:35.9106 [INFO] MastercardHost.MyLogManager.Log(MyLogManager.cs:40) - _isBindEnabled = True 
2024-07-30 16:49:35.9106 [INFO] MastercardHost.MyLogManager.Log(MyLogManager.cs:40) - _isStopBindEnabled = False 
2024-07-30 16:49:35.9106 [INFO] MastercardHost.MyLogManager.Log(MyLogManager.cs:40) - tcpCommunication.IsServerListening = False 
2024-07-30 16:49:35.9106 [INFO] MastercardHost.MyLogManager.Log(MyLogManager.cs:40) - tcpCommunication.IsClientConnected = False 
2024-07-30 16:49:35.9106 [INFO] MastercardHost.MyLogManager.Log(MyLogManager.cs:40) - Server Started Listen on 8765 
2024-07-30 16:51:18.9693 [INFO] MastercardHost.MyLogManager.Log(MyLogManager.cs:40) - Application started 
2024-07-30 16:51:19.0238 [INFO] MastercardHost.MyLogManager.Log(MyLogManager.cs:40) - 当前区域性:zh-CN 
2024-07-30 16:51:19.0369 [INFO] MastercardHost.MyLogManager.Log(MyLogManager.cs:40) - 区域性名称:中文(简体，中国) 
2024-07-30 16:51:19.0369 [INFO] MastercardHost.MyLogManager.Log(MyLogManager.cs:40) - 当前线程的文化信息:zh-CN 
2024-07-30 16:51:19.1156 [INFO] MastercardHost.MyLogManager.Log(MyLogManager.cs:40) - _isListenEnabled = True 
2024-07-30 16:51:19.1156 [INFO] MastercardHost.MyLogManager.Log(MyLogManager.cs:40) - _isStopListenEnabled = False 
2024-07-30 16:51:19.1156 [INFO] MastercardHost.MyLogManager.Log(MyLogManager.cs:40) - _isBindEnabled = True 
2024-07-30 16:51:19.1156 [INFO] MastercardHost.MyLogManager.Log(MyLogManager.cs:40) - _isStopBindEnabled = False 
2024-07-30 16:51:21.9578 [INFO] MastercardHost.MyLogManager.Log(MyLogManager.cs:40) - Start StartServer 
2024-07-30 16:51:21.9714 [INFO] MastercardHost.MyLogManager.Log(MyLogManager.cs:40) - Server Listen Status: False 
2024-07-30 16:51:21.9714 [INFO] MastercardHost.MyLogManager.Log(MyLogManager.cs:40) - _isListenEnabled = True 
2024-07-30 16:51:21.9714 [INFO] MastercardHost.MyLogManager.Log(MyLogManager.cs:40) - _isStopListenEnabled = False 
2024-07-30 16:51:21.9714 [INFO] MastercardHost.MyLogManager.Log(MyLogManager.cs:40) - _isBindEnabled = True 
2024-07-30 16:51:21.9714 [INFO] MastercardHost.MyLogManager.Log(MyLogManager.cs:40) - _isStopBindEnabled = False 
2024-07-30 16:51:21.9714 [INFO] MastercardHost.MyLogManager.Log(MyLogManager.cs:40) - tcpCommunication.IsServerListening = False 
2024-07-30 16:51:21.9714 [INFO] MastercardHost.MyLogManager.Log(MyLogManager.cs:40) - tcpCommunication.IsClientConnected = False 
2024-07-30 16:51:21.9714 [INFO] MastercardHost.MyLogManager.Log(MyLogManager.cs:40) - Server Started Listen on 8765 
2024-07-30 17:00:17.7982 [INFO] MastercardHost.MyLogManager.Log(MyLogManager.cs:40) - Application started 
2024-07-30 17:00:17.8612 [INFO] MastercardHost.MyLogManager.Log(MyLogManager.cs:40) - 当前区域性:zh-CN 
2024-07-30 17:00:17.8789 [INFO] MastercardHost.MyLogManager.Log(MyLogManager.cs:40) - 区域性名称:中文(简体，中国) 
2024-07-30 17:00:17.8789 [INFO] MastercardHost.MyLogManager.Log(MyLogManager.cs:40) - 当前线程的文化信息:zh-CN 
2024-07-30 17:00:17.9765 [INFO] MastercardHost.MyLogManager.Log(MyLogManager.cs:40) - _isListenEnabled = True 
2024-07-30 17:00:17.9765 [INFO] MastercardHost.MyLogManager.Log(MyLogManager.cs:40) - _isStopListenEnabled = False 
2024-07-30 17:00:17.9765 [INFO] MastercardHost.MyLogManager.Log(MyLogManager.cs:40) - _isBindEnabled = True 
2024-07-30 17:00:17.9765 [INFO] MastercardHost.MyLogManager.Log(MyLogManager.cs:40) - _isStopBindEnabled = False 
2024-07-30 17:00:20.1134 [INFO] MastercardHost.MyLogManager.Log(MyLogManager.cs:40) - Start StartServer 
2024-07-30 17:00:20.1256 [INFO] MastercardHost.MyLogManager.Log(MyLogManager.cs:40) - Server Listen Status: False 
2024-07-30 17:00:20.1256 [INFO] MastercardHost.MyLogManager.Log(MyLogManager.cs:40) - _isListenEnabled = True 
2024-07-30 17:00:20.1256 [INFO] MastercardHost.MyLogManager.Log(MyLogManager.cs:40) - _isStopListenEnabled = False 
2024-07-30 17:00:20.1256 [INFO] MastercardHost.MyLogManager.Log(MyLogManager.cs:40) - _isBindEnabled = True 
2024-07-30 17:00:20.1256 [INFO] MastercardHost.MyLogManager.Log(MyLogManager.cs:40) - _isStopBindEnabled = False 
2024-07-30 17:00:20.1256 [INFO] MastercardHost.MyLogManager.Log(MyLogManager.cs:40) - tcpCommunication.IsServerListening = False 
2024-07-30 17:00:20.1256 [INFO] MastercardHost.MyLogManager.Log(MyLogManager.cs:40) - tcpCommunication.IsClientConnected = False 
2024-07-30 17:00:20.1256 [INFO] MastercardHost.MyLogManager.Log(MyLogManager.cs:40) - Server Started Listen on 8765 
2024-07-30 17:00:20.1256 [INFO] MastercardHost.MyLogManager.Log(MyLogManager.cs:40) - Server Started = True 
2024-07-30 17:00:43.2041 [INFO] MastercardHost.MyLogManager.Log(MyLogManager.cs:40) - Application started 
2024-07-30 17:00:43.2576 [INFO] MastercardHost.MyLogManager.Log(MyLogManager.cs:40) - 当前区域性:zh-CN 
2024-07-30 17:00:43.2686 [INFO] MastercardHost.MyLogManager.Log(MyLogManager.cs:40) - 区域性名称:中文(简体，中国) 
2024-07-30 17:00:43.2686 [INFO] MastercardHost.MyLogManager.Log(MyLogManager.cs:40) - 当前线程的文化信息:zh-CN 
2024-07-30 17:00:43.3530 [INFO] MastercardHost.MyLogManager.Log(MyLogManager.cs:40) - _isListenEnabled = True 
2024-07-30 17:00:43.3530 [INFO] MastercardHost.MyLogManager.Log(MyLogManager.cs:40) - _isStopListenEnabled = False 
2024-07-30 17:00:43.3530 [INFO] MastercardHost.MyLogManager.Log(MyLogManager.cs:40) - _isBindEnabled = True 
2024-07-30 17:00:43.3530 [INFO] MastercardHost.MyLogManager.Log(MyLogManager.cs:40) - _isStopBindEnabled = False 
2024-07-30 17:00:45.7560 [INFO] MastercardHost.MyLogManager.Log(MyLogManager.cs:40) - Start StartServer 
2024-07-30 17:00:45.7690 [INFO] MastercardHost.MyLogManager.Log(MyLogManager.cs:40) - Server Listen Status: False 
2024-07-30 17:00:45.7690 [INFO] MastercardHost.MyLogManager.Log(MyLogManager.cs:40) - _isListenEnabled = True 
2024-07-30 17:00:45.7690 [INFO] MastercardHost.MyLogManager.Log(MyLogManager.cs:40) - _isStopListenEnabled = False 
2024-07-30 17:00:45.7690 [INFO] MastercardHost.MyLogManager.Log(MyLogManager.cs:40) - _isBindEnabled = True 
2024-07-30 17:00:45.7690 [INFO] MastercardHost.MyLogManager.Log(MyLogManager.cs:40) - _isStopBindEnabled = False 
2024-07-30 17:00:45.7690 [INFO] MastercardHost.MyLogManager.Log(MyLogManager.cs:40) - tcpCommunication.IsServerListening = False 
2024-07-30 17:00:45.7690 [INFO] MastercardHost.MyLogManager.Log(MyLogManager.cs:40) - tcpCommunication.IsClientConnected = False 
2024-07-30 17:00:45.7690 [INFO] MastercardHost.MyLogManager.Log(MyLogManager.cs:40) - Server Started Listen on 8765 
2024-07-30 17:00:45.7690 [INFO] MastercardHost.MyLogManager.Log(MyLogManager.cs:40) - Server Started = True 
2024-07-30 17:02:20.7539 [INFO] MastercardHost.MyLogManager.Log(MyLogManager.cs:40) - Application started 
2024-07-30 17:02:20.8146 [INFO] MastercardHost.MyLogManager.Log(MyLogManager.cs:40) - 当前区域性:zh-CN 
2024-07-30 17:02:20.8146 [INFO] MastercardHost.MyLogManager.Log(MyLogManager.cs:40) - 区域性名称:中文(简体，中国) 
2024-07-30 17:02:20.8146 [INFO] MastercardHost.MyLogManager.Log(MyLogManager.cs:40) - 当前线程的文化信息:zh-CN 
2024-07-30 17:02:20.9057 [INFO] MastercardHost.MyLogManager.Log(MyLogManager.cs:40) - _isListenEnabled = True 
2024-07-30 17:02:20.9057 [INFO] MastercardHost.MyLogManager.Log(MyLogManager.cs:40) - _isStopListenEnabled = False 
2024-07-30 17:02:20.9057 [INFO] MastercardHost.MyLogManager.Log(MyLogManager.cs:40) - _isBindEnabled = True 
2024-07-30 17:02:20.9057 [INFO] MastercardHost.MyLogManager.Log(MyLogManager.cs:40) - _isStopBindEnabled = False 
2024-07-30 17:02:22.7862 [INFO] MastercardHost.MyLogManager.Log(MyLogManager.cs:40) - Start StartServer 
2024-07-30 17:02:22.7862 [INFO] MastercardHost.MyLogManager.Log(MyLogManager.cs:40) - Server Listen Status: False 
2024-07-30 17:02:22.7862 [INFO] MastercardHost.MyLogManager.Log(MyLogManager.cs:40) - _isListenEnabled = True 
2024-07-30 17:02:22.7862 [INFO] MastercardHost.MyLogManager.Log(MyLogManager.cs:40) - _isStopListenEnabled = False 
2024-07-30 17:02:22.7862 [INFO] MastercardHost.MyLogManager.Log(MyLogManager.cs:40) - _isBindEnabled = True 
2024-07-30 17:02:22.7983 [INFO] MastercardHost.MyLogManager.Log(MyLogManager.cs:40) - _isStopBindEnabled = False 
2024-07-30 17:02:22.7983 [INFO] MastercardHost.MyLogManager.Log(MyLogManager.cs:40) - tcpCommunication.IsServerListening = False 
2024-07-30 17:02:22.7983 [INFO] MastercardHost.MyLogManager.Log(MyLogManager.cs:40) - tcpCommunication.IsClientConnected = False 
2024-07-30 17:02:22.7983 [INFO] MastercardHost.MyLogManager.Log(MyLogManager.cs:40) - Server Started Listen on 8765 
2024-07-30 17:02:22.7983 [INFO] MastercardHost.MyLogManager.Log(MyLogManager.cs:40) - Server Started = True 
2024-07-30 17:03:44.7541 [INFO] MastercardHost.MyLogManager.Log(MyLogManager.cs:40) - Application started 
2024-07-30 17:03:44.8201 [INFO] MastercardHost.MyLogManager.Log(MyLogManager.cs:40) - 当前区域性:zh-CN 
2024-07-30 17:03:44.8346 [INFO] MastercardHost.MyLogManager.Log(MyLogManager.cs:40) - 区域性名称:中文(简体，中国) 
2024-07-30 17:03:44.8346 [INFO] MastercardHost.MyLogManager.Log(MyLogManager.cs:40) - 当前线程的文化信息:zh-CN 
2024-07-30 17:03:44.9312 [INFO] MastercardHost.MyLogManager.Log(MyLogManager.cs:40) - _isListenEnabled = True 
2024-07-30 17:03:44.9312 [INFO] MastercardHost.MyLogManager.Log(MyLogManager.cs:40) - _isStopListenEnabled = False 
2024-07-30 17:03:44.9312 [INFO] MastercardHost.MyLogManager.Log(MyLogManager.cs:40) - _isBindEnabled = True 
2024-07-30 17:03:44.9312 [INFO] MastercardHost.MyLogManager.Log(MyLogManager.cs:40) - _isStopBindEnabled = False 
2024-07-30 17:03:46.9682 [INFO] MastercardHost.MyLogManager.Log(MyLogManager.cs:40) - Start StartServer 
2024-07-30 17:03:47.0067 [INFO] MastercardHost.MyLogManager.Log(MyLogManager.cs:40) - Server Listen Status: False 
2024-07-30 17:03:47.0067 [INFO] MastercardHost.MyLogManager.Log(MyLogManager.cs:40) - _isListenEnabled = True 
2024-07-30 17:03:47.0067 [INFO] MastercardHost.MyLogManager.Log(MyLogManager.cs:40) - _isStopListenEnabled = False 
2024-07-30 17:03:47.0067 [INFO] MastercardHost.MyLogManager.Log(MyLogManager.cs:40) - _isBindEnabled = True 
2024-07-30 17:03:47.0067 [INFO] MastercardHost.MyLogManager.Log(MyLogManager.cs:40) - _isStopBindEnabled = False 
2024-07-30 17:03:47.0067 [INFO] MastercardHost.MyLogManager.Log(MyLogManager.cs:40) - tcpCommunication.ServerStart = False 
2024-07-30 17:03:47.0067 [INFO] MastercardHost.MyLogManager.Log(MyLogManager.cs:40) - tcpCommunication.IsClientConnected = False 
2024-07-30 17:03:47.0067 [INFO] MastercardHost.MyLogManager.Log(MyLogManager.cs:40) - Server Started Listen on 8765 
2024-07-30 17:03:47.0067 [INFO] MastercardHost.MyLogManager.Log(MyLogManager.cs:40) - Server Started = True 
2024-07-30 17:57:22.2049 [INFO] MastercardHost.MyLogManager.Log(MyLogManager.cs:40) - Application started 
2024-07-30 17:57:22.2854 [INFO] MastercardHost.MyLogManager.Log(MyLogManager.cs:40) - 当前区域性:zh-CN 
2024-07-30 17:57:22.2979 [INFO] MastercardHost.MyLogManager.Log(MyLogManager.cs:40) - 区域性名称:中文(简体，中国) 
2024-07-30 17:57:22.2979 [INFO] MastercardHost.MyLogManager.Log(MyLogManager.cs:40) - 当前线程的文化信息:zh-CN 
2024-07-30 17:57:22.4099 [INFO] MastercardHost.MyLogManager.Log(MyLogManager.cs:40) - _isListenEnabled = True 
2024-07-30 17:57:22.4099 [INFO] MastercardHost.MyLogManager.Log(MyLogManager.cs:40) - _isStopListenEnabled = False 
2024-07-30 17:57:22.4099 [INFO] MastercardHost.MyLogManager.Log(MyLogManager.cs:40) - _isBindEnabled = True 
2024-07-30 17:57:22.4099 [INFO] MastercardHost.MyLogManager.Log(MyLogManager.cs:40) - _isStopBindEnabled = False 
2024-07-30 17:57:24.5481 [INFO] MastercardHost.MyLogManager.Log(MyLogManager.cs:40) - Start StartServer 
2024-07-30 17:57:24.5481 [INFO] MastercardHost.MyLogManager.Log(MyLogManager.cs:40) - Server Listen Status: False 
2024-07-30 17:57:24.5973 [INFO] MastercardHost.MyLogManager.Log(MyLogManager.cs:40) - _isListenEnabled = True 
2024-07-30 17:57:24.5973 [INFO] MastercardHost.MyLogManager.Log(MyLogManager.cs:40) - _isStopListenEnabled = False 
2024-07-30 17:57:24.5973 [INFO] MastercardHost.MyLogManager.Log(MyLogManager.cs:40) - _isBindEnabled = True 
2024-07-30 17:57:24.5973 [INFO] MastercardHost.MyLogManager.Log(MyLogManager.cs:40) - _isStopBindEnabled = False 
2024-07-30 17:57:24.5973 [INFO] MastercardHost.MyLogManager.Log(MyLogManager.cs:40) - tcpCommunication.ServerStart = False 
2024-07-30 17:57:24.5973 [INFO] MastercardHost.MyLogManager.Log(MyLogManager.cs:40) - tcpCommunication.IsClientConnected = False 
2024-07-30 17:57:24.6171 [INFO] MastercardHost.MyLogManager.Log(MyLogManager.cs:40) - Server Started Listen on 8765 
2024-07-30 17:57:24.6171 [INFO] MastercardHost.MyLogManager.Log(MyLogManager.cs:40) - Server Started = True 
2024-07-30 17:58:40.7832 [INFO] MastercardHost.MyLogManager.Log(MyLogManager.cs:40) - Application started 
2024-07-30 17:58:40.8445 [INFO] MastercardHost.MyLogManager.Log(MyLogManager.cs:40) - 当前区域性:zh-CN 
2024-07-30 17:58:40.8445 [INFO] MastercardHost.MyLogManager.Log(MyLogManager.cs:40) - 区域性名称:中文(简体，中国) 
2024-07-30 17:58:40.8445 [INFO] MastercardHost.MyLogManager.Log(MyLogManager.cs:40) - 当前线程的文化信息:zh-CN 
2024-07-30 17:58:40.9617 [INFO] MastercardHost.MyLogManager.Log(MyLogManager.cs:40) - _isListenEnabled = True 
2024-07-30 17:58:40.9617 [INFO] MastercardHost.MyLogManager.Log(MyLogManager.cs:40) - _isStopListenEnabled = False 
2024-07-30 17:58:40.9617 [INFO] MastercardHost.MyLogManager.Log(MyLogManager.cs:40) - _isBindEnabled = True 
2024-07-30 17:58:40.9617 [INFO] MastercardHost.MyLogManager.Log(MyLogManager.cs:40) - _isStopBindEnabled = False 
2024-07-30 17:58:45.0979 [INFO] MastercardHost.MyLogManager.Log(MyLogManager.cs:40) - Start StartServer 
2024-07-30 17:58:45.0979 [INFO] MastercardHost.MyLogManager.Log(MyLogManager.cs:40) - Server Listen Status: False 
2024-07-30 17:58:45.0979 [INFO] MastercardHost.MyLogManager.Log(MyLogManager.cs:40) - _isListenEnabled = True 
2024-07-30 17:58:45.1106 [INFO] MastercardHost.MyLogManager.Log(MyLogManager.cs:40) - _isStopListenEnabled = False 
2024-07-30 17:58:45.1106 [INFO] MastercardHost.MyLogManager.Log(MyLogManager.cs:40) - _isBindEnabled = True 
2024-07-30 17:58:45.1106 [INFO] MastercardHost.MyLogManager.Log(MyLogManager.cs:40) - _isStopBindEnabled = False 
2024-07-30 17:58:45.1106 [INFO] MastercardHost.MyLogManager.Log(MyLogManager.cs:40) - tcpCommunication.ServerStart = False 
2024-07-30 17:58:45.1106 [INFO] MastercardHost.MyLogManager.Log(MyLogManager.cs:40) - tcpCommunication.IsClientConnected = False 
2024-07-30 17:58:45.1106 [INFO] MastercardHost.MyLogManager.Log(MyLogManager.cs:40) - Server Started Listen on 8765 
2024-07-30 17:58:45.1106 [INFO] MastercardHost.MyLogManager.Log(MyLogManager.cs:40) - Server Started = True 
2024-07-30 17:58:45.1106 [INFO] MastercardHost.MyLogManager.Log(MyLogManager.cs:40) - ServerStart = True 
2024-07-30 17:59:36.1984 [INFO] MastercardHost.MyLogManager.Log(MyLogManager.cs:40) - Start StartServer 
2024-07-30 17:59:36.1984 [INFO] MastercardHost.MyLogManager.Log(MyLogManager.cs:40) - Server Listen Status: False 
2024-07-30 17:59:36.1984 [INFO] MastercardHost.MyLogManager.Log(MyLogManager.cs:40) - _isListenEnabled = False 
2024-07-30 17:59:36.1984 [INFO] MastercardHost.MyLogManager.Log(MyLogManager.cs:40) - _isStopListenEnabled = True 
2024-07-30 17:59:36.1984 [INFO] MastercardHost.MyLogManager.Log(MyLogManager.cs:40) - _isBindEnabled = True 
2024-07-30 17:59:36.1984 [INFO] MastercardHost.MyLogManager.Log(MyLogManager.cs:40) - _isStopBindEnabled = False 
2024-07-30 17:59:36.1984 [INFO] MastercardHost.MyLogManager.Log(MyLogManager.cs:40) - tcpCommunication.ServerStart = True 
2024-07-30 17:59:36.1984 [INFO] MastercardHost.MyLogManager.Log(MyLogManager.cs:40) - tcpCommunication.IsClientConnected = False 
2024-07-30 18:16:26.5011 [INFO] MastercardHost.MyLogManager.Log(MyLogManager.cs:40) - Application started 
2024-07-30 18:16:26.5667 [INFO] MastercardHost.MyLogManager.Log(MyLogManager.cs:40) - 当前区域性:zh-CN 
2024-07-30 18:16:26.5789 [INFO] MastercardHost.MyLogManager.Log(MyLogManager.cs:40) - 区域性名称:中文(简体，中国) 
2024-07-30 18:16:26.5789 [INFO] MastercardHost.MyLogManager.Log(MyLogManager.cs:40) - 当前线程的文化信息:zh-CN 
2024-07-30 18:16:26.6674 [INFO] MastercardHost.MyLogManager.Log(MyLogManager.cs:40) - _isListenEnabled = True 
2024-07-30 18:16:26.6674 [INFO] MastercardHost.MyLogManager.Log(MyLogManager.cs:40) - _isStopListenEnabled = False 
2024-07-30 18:16:26.6674 [INFO] MastercardHost.MyLogManager.Log(MyLogManager.cs:40) - _isBindEnabled = True 
2024-07-30 18:16:26.6674 [INFO] MastercardHost.MyLogManager.Log(MyLogManager.cs:40) - _isStopBindEnabled = False 
2024-07-30 18:16:28.8286 [INFO] MastercardHost.MyLogManager.Log(MyLogManager.cs:40) - Start StartServer 
2024-07-30 18:16:28.8376 [INFO] MastercardHost.MyLogManager.Log(MyLogManager.cs:40) - Server Listen Status: False 
2024-07-30 18:16:28.8376 [INFO] MastercardHost.MyLogManager.Log(MyLogManager.cs:40) - _isListenEnabled = True 
2024-07-30 18:16:28.8376 [INFO] MastercardHost.MyLogManager.Log(MyLogManager.cs:40) - _isStopListenEnabled = False 
2024-07-30 18:16:28.8376 [INFO] MastercardHost.MyLogManager.Log(MyLogManager.cs:40) - _isBindEnabled = True 
2024-07-30 18:16:28.8376 [INFO] MastercardHost.MyLogManager.Log(MyLogManager.cs:40) - _isStopBindEnabled = False 
2024-07-30 18:16:28.8376 [INFO] MastercardHost.MyLogManager.Log(MyLogManager.cs:40) - tcpCommunication.ServerStart = False 
2024-07-30 18:16:28.8376 [INFO] MastercardHost.MyLogManager.Log(MyLogManager.cs:40) - tcpCommunication.IsClientConnected = False 
2024-07-30 18:16:28.8450 [INFO] MastercardHost.MyLogManager.Log(MyLogManager.cs:40) - Server Started Listen on 8765 
2024-07-30 18:16:28.8450 [INFO] MastercardHost.MyLogManager.Log(MyLogManager.cs:40) - Server Started = True 
2024-07-30 18:16:28.8450 [INFO] MastercardHost.MyLogManager.Log(MyLogManager.cs:40) - ServerStart = True 
2024-07-30 18:16:31.0529 [INFO] MastercardHost.MyLogManager.Log(MyLogManager.cs:40) - Start StartServer 
2024-07-30 18:16:31.0529 [INFO] MastercardHost.MyLogManager.Log(MyLogManager.cs:40) - Server Listen Status: False 
2024-07-30 18:16:31.0529 [INFO] MastercardHost.MyLogManager.Log(MyLogManager.cs:40) - _isListenEnabled = False 
2024-07-30 18:16:31.0529 [INFO] MastercardHost.MyLogManager.Log(MyLogManager.cs:40) - _isStopListenEnabled = True 
2024-07-30 18:16:31.0529 [INFO] MastercardHost.MyLogManager.Log(MyLogManager.cs:40) - _isBindEnabled = True 
2024-07-30 18:16:31.0529 [INFO] MastercardHost.MyLogManager.Log(MyLogManager.cs:40) - _isStopBindEnabled = False 
2024-07-30 18:16:31.0529 [INFO] MastercardHost.MyLogManager.Log(MyLogManager.cs:40) - tcpCommunication.ServerStart = True 
2024-07-30 18:16:31.0529 [INFO] MastercardHost.MyLogManager.Log(MyLogManager.cs:40) - tcpCommunication.IsClientConnected = False 
2024-07-30 18:16:48.5276 [INFO] MastercardHost.MyLogManager.Log(MyLogManager.cs:40) - Start StartServer 
2024-07-30 18:16:48.5276 [INFO] MastercardHost.MyLogManager.Log(MyLogManager.cs:40) - Server Listen Status: False 
2024-07-30 18:16:48.5276 [INFO] MastercardHost.MyLogManager.Log(MyLogManager.cs:40) - _isListenEnabled = False 
2024-07-30 18:16:48.5276 [INFO] MastercardHost.MyLogManager.Log(MyLogManager.cs:40) - _isStopListenEnabled = True 
2024-07-30 18:16:48.5276 [INFO] MastercardHost.MyLogManager.Log(MyLogManager.cs:40) - _isBindEnabled = True 
2024-07-30 18:16:48.5276 [INFO] MastercardHost.MyLogManager.Log(MyLogManager.cs:40) - _isStopBindEnabled = False 
2024-07-30 18:16:48.5276 [INFO] MastercardHost.MyLogManager.Log(MyLogManager.cs:40) - tcpCommunication.ServerStart = True 
2024-07-30 18:16:48.5276 [INFO] MastercardHost.MyLogManager.Log(MyLogManager.cs:40) - tcpCommunication.IsClientConnected = False 
2024-07-30 18:16:51.6891 [INFO] MastercardHost.MyLogManager.Log(MyLogManager.cs:40) - Start StartServer 
2024-07-30 18:16:51.6891 [INFO] MastercardHost.MyLogManager.Log(MyLogManager.cs:40) - Server Listen Status: False 
2024-07-30 18:16:51.6891 [INFO] MastercardHost.MyLogManager.Log(MyLogManager.cs:40) - _isListenEnabled = False 
2024-07-30 18:16:51.6891 [INFO] MastercardHost.MyLogManager.Log(MyLogManager.cs:40) - _isStopListenEnabled = True 
2024-07-30 18:16:51.6891 [INFO] MastercardHost.MyLogManager.Log(MyLogManager.cs:40) - _isBindEnabled = True 
2024-07-30 18:16:51.6891 [INFO] MastercardHost.MyLogManager.Log(MyLogManager.cs:40) - _isStopBindEnabled = False 
2024-07-30 18:16:51.6891 [INFO] MastercardHost.MyLogManager.Log(MyLogManager.cs:40) - tcpCommunication.ServerStart = True 
2024-07-30 18:16:51.6891 [INFO] MastercardHost.MyLogManager.Log(MyLogManager.cs:40) - tcpCommunication.IsClientConnected = False 
2024-07-30 18:20:22.1604 [INFO] MastercardHost.MyLogManager.Log(MyLogManager.cs:40) - Application started 
2024-07-30 18:20:22.2388 [INFO] MastercardHost.MyLogManager.Log(MyLogManager.cs:40) - 当前区域性:zh-CN 
2024-07-30 18:20:22.2388 [INFO] MastercardHost.MyLogManager.Log(MyLogManager.cs:40) - 区域性名称:中文(简体，中国) 
2024-07-30 18:20:22.2388 [INFO] MastercardHost.MyLogManager.Log(MyLogManager.cs:40) - 当前线程的文化信息:zh-CN 
2024-07-30 18:20:22.3506 [INFO] MastercardHost.MyLogManager.Log(MyLogManager.cs:40) - _isListenEnabled = True 
2024-07-30 18:20:22.3506 [INFO] MastercardHost.MyLogManager.Log(MyLogManager.cs:40) - _isStopListenEnabled = False 
2024-07-30 18:20:22.3506 [INFO] MastercardHost.MyLogManager.Log(MyLogManager.cs:40) - _isBindEnabled = True 
2024-07-30 18:20:22.3506 [INFO] MastercardHost.MyLogManager.Log(MyLogManager.cs:40) - _isStopBindEnabled = False 
2024-07-30 18:20:24.3841 [INFO] MastercardHost.MyLogManager.Log(MyLogManager.cs:40) - Start StartServer 
2024-07-30 18:20:24.3990 [INFO] MastercardHost.MyLogManager.Log(MyLogManager.cs:40) - Server Listen Status: False 
2024-07-30 18:20:24.3990 [INFO] MastercardHost.MyLogManager.Log(MyLogManager.cs:40) - _isListenEnabled = True 
2024-07-30 18:20:24.3990 [INFO] MastercardHost.MyLogManager.Log(MyLogManager.cs:40) - _isStopListenEnabled = False 
2024-07-30 18:20:24.3990 [INFO] MastercardHost.MyLogManager.Log(MyLogManager.cs:40) - _isBindEnabled = True 
2024-07-30 18:20:24.3990 [INFO] MastercardHost.MyLogManager.Log(MyLogManager.cs:40) - _isStopBindEnabled = False 
2024-07-30 18:20:24.3990 [INFO] MastercardHost.MyLogManager.Log(MyLogManager.cs:40) - tcpCommunication.ServerStart = False 
2024-07-30 18:20:24.3990 [INFO] MastercardHost.MyLogManager.Log(MyLogManager.cs:40) - tcpCommunication.IsClientConnected = False 
2024-07-30 18:20:24.4125 [INFO] MastercardHost.MyLogManager.Log(MyLogManager.cs:40) - Server Started Listen on 8765 
2024-07-30 18:20:24.4125 [INFO] MastercardHost.MyLogManager.Log(MyLogManager.cs:40) - Server Started = True 
2024-07-30 18:20:24.4125 [INFO] MastercardHost.MyLogManager.Log(MyLogManager.cs:40) - ServerStart = True 
2024-07-30 18:20:26.6646 [INFO] MastercardHost.MyLogManager.Log(MyLogManager.cs:40) - Start StartServer 
2024-07-30 18:20:26.6646 [INFO] MastercardHost.MyLogManager.Log(MyLogManager.cs:40) - Server Listen Status: False 
2024-07-30 18:20:26.6646 [INFO] MastercardHost.MyLogManager.Log(MyLogManager.cs:40) - PropertyChanged: IsListenEnabled = False 
2024-07-30 18:20:26.6777 [INFO] MastercardHost.MyLogManager.Log(MyLogManager.cs:40) - PropertyChanged: IsStopListenEnabled = True 
2024-07-30 18:20:26.6777 [INFO] MastercardHost.MyLogManager.Log(MyLogManager.cs:40) - _isListenEnabled = False 
2024-07-30 18:20:26.6777 [INFO] MastercardHost.MyLogManager.Log(MyLogManager.cs:40) - _isStopListenEnabled = True 
2024-07-30 18:20:26.6777 [INFO] MastercardHost.MyLogManager.Log(MyLogManager.cs:40) - _isBindEnabled = True 
2024-07-30 18:20:26.6777 [INFO] MastercardHost.MyLogManager.Log(MyLogManager.cs:40) - _isStopBindEnabled = False 
2024-07-30 18:20:26.6777 [INFO] MastercardHost.MyLogManager.Log(MyLogManager.cs:40) - tcpCommunication.ServerStart = True 
2024-07-30 18:20:26.6777 [INFO] MastercardHost.MyLogManager.Log(MyLogManager.cs:40) - tcpCommunication.IsClientConnected = False 
2024-07-30 18:20:30.1470 [INFO] MastercardHost.MyLogManager.Log(MyLogManager.cs:40) - Server Stop Listen: True 
2024-07-30 18:20:30.1470 [INFO] MastercardHost.MyLogManager.Log(MyLogManager.cs:40) - PropertyChanged: IsListenEnabled = True 
2024-07-30 18:20:30.1470 [INFO] MastercardHost.MyLogManager.Log(MyLogManager.cs:40) - PropertyChanged: IsStopListenEnabled = False 
2024-07-30 18:20:30.1470 [INFO] MastercardHost.MyLogManager.Log(MyLogManager.cs:40) - _isListenEnabled = True 
2024-07-30 18:20:30.1470 [INFO] MastercardHost.MyLogManager.Log(MyLogManager.cs:40) - _isStopListenEnabled = False 
2024-07-30 18:20:30.1470 [INFO] MastercardHost.MyLogManager.Log(MyLogManager.cs:40) - _isBindEnabled = True 
2024-07-30 18:20:30.1470 [INFO] MastercardHost.MyLogManager.Log(MyLogManager.cs:40) - _isStopBindEnabled = False 
2024-07-30 18:20:30.1470 [INFO] MastercardHost.MyLogManager.Log(MyLogManager.cs:40) - tcpCommunication.ServerStart = False 
2024-07-30 18:20:30.1470 [INFO] MastercardHost.MyLogManager.Log(MyLogManager.cs:40) - tcpCommunication.IsClientConnected = False 
2024-07-30 18:20:31.0388 [INFO] MastercardHost.MyLogManager.Log(MyLogManager.cs:40) - Start StartServer 
2024-07-30 18:20:31.0388 [INFO] MastercardHost.MyLogManager.Log(MyLogManager.cs:40) - Server Listen Status: False 
2024-07-30 18:20:31.0388 [INFO] MastercardHost.MyLogManager.Log(MyLogManager.cs:40) - _isListenEnabled = True 
2024-07-30 18:20:31.0388 [INFO] MastercardHost.MyLogManager.Log(MyLogManager.cs:40) - _isStopListenEnabled = False 
2024-07-30 18:20:31.0388 [INFO] MastercardHost.MyLogManager.Log(MyLogManager.cs:40) - _isBindEnabled = True 
2024-07-30 18:20:31.0388 [INFO] MastercardHost.MyLogManager.Log(MyLogManager.cs:40) - _isStopBindEnabled = False 
2024-07-30 18:20:31.0388 [INFO] MastercardHost.MyLogManager.Log(MyLogManager.cs:40) - tcpCommunication.ServerStart = False 
2024-07-30 18:20:31.0388 [INFO] MastercardHost.MyLogManager.Log(MyLogManager.cs:40) - tcpCommunication.IsClientConnected = False 
2024-07-30 18:20:32.2470 [INFO] MastercardHost.MyLogManager.Log(MyLogManager.cs:40) - Start StartServer 
2024-07-30 18:20:32.2470 [INFO] MastercardHost.MyLogManager.Log(MyLogManager.cs:40) - Server Listen Status: False 
2024-07-30 18:20:32.2470 [INFO] MastercardHost.MyLogManager.Log(MyLogManager.cs:40) - _isListenEnabled = True 
2024-07-30 18:20:32.2505 [INFO] MastercardHost.MyLogManager.Log(MyLogManager.cs:40) - _isStopListenEnabled = False 
2024-07-30 18:20:32.2505 [INFO] MastercardHost.MyLogManager.Log(MyLogManager.cs:40) - _isBindEnabled = True 
2024-07-30 18:20:32.2505 [INFO] MastercardHost.MyLogManager.Log(MyLogManager.cs:40) - _isStopBindEnabled = False 
2024-07-30 18:20:32.2505 [INFO] MastercardHost.MyLogManager.Log(MyLogManager.cs:40) - tcpCommunication.ServerStart = False 
2024-07-30 18:20:32.2505 [INFO] MastercardHost.MyLogManager.Log(MyLogManager.cs:40) - tcpCommunication.IsClientConnected = False 
2024-07-30 18:20:34.1340 [INFO] MastercardHost.MyLogManager.Log(MyLogManager.cs:40) - Start StartServer 
2024-07-30 18:20:34.1340 [INFO] MastercardHost.MyLogManager.Log(MyLogManager.cs:40) - Server Listen Status: False 
2024-07-30 18:20:34.1340 [INFO] MastercardHost.MyLogManager.Log(MyLogManager.cs:40) - _isListenEnabled = True 
2024-07-30 18:20:34.1340 [INFO] MastercardHost.MyLogManager.Log(MyLogManager.cs:40) - _isStopListenEnabled = False 
2024-07-30 18:20:34.1340 [INFO] MastercardHost.MyLogManager.Log(MyLogManager.cs:40) - _isBindEnabled = True 
2024-07-30 18:20:34.1340 [INFO] MastercardHost.MyLogManager.Log(MyLogManager.cs:40) - _isStopBindEnabled = False 
2024-07-30 18:20:34.1340 [INFO] MastercardHost.MyLogManager.Log(MyLogManager.cs:40) - tcpCommunication.ServerStart = False 
2024-07-30 18:20:34.1340 [INFO] MastercardHost.MyLogManager.Log(MyLogManager.cs:40) - tcpCommunication.IsClientConnected = False 
2024-07-30 18:20:34.6495 [INFO] MastercardHost.MyLogManager.Log(MyLogManager.cs:40) - Start StartServer 
2024-07-30 18:20:34.6495 [INFO] MastercardHost.MyLogManager.Log(MyLogManager.cs:40) - Server Listen Status: False 
2024-07-30 18:20:34.6495 [INFO] MastercardHost.MyLogManager.Log(MyLogManager.cs:40) - _isListenEnabled = True 
2024-07-30 18:20:34.6495 [INFO] MastercardHost.MyLogManager.Log(MyLogManager.cs:40) - _isStopListenEnabled = False 
2024-07-30 18:20:34.6495 [INFO] MastercardHost.MyLogManager.Log(MyLogManager.cs:40) - _isBindEnabled = True 
2024-07-30 18:20:34.6495 [INFO] MastercardHost.MyLogManager.Log(MyLogManager.cs:40) - _isStopBindEnabled = False 
2024-07-30 18:20:34.6495 [INFO] MastercardHost.MyLogManager.Log(MyLogManager.cs:40) - tcpCommunication.ServerStart = False 
2024-07-30 18:20:34.6495 [INFO] MastercardHost.MyLogManager.Log(MyLogManager.cs:40) - tcpCommunication.IsClientConnected = False 
2024-07-30 18:20:44.7280 [INFO] MastercardHost.MyLogManager.Log(MyLogManager.cs:40) - Start StartServer 
2024-07-30 18:20:44.7280 [INFO] MastercardHost.MyLogManager.Log(MyLogManager.cs:40) - Server Listen Status: False 
2024-07-30 18:20:44.7280 [INFO] MastercardHost.MyLogManager.Log(MyLogManager.cs:40) - _isListenEnabled = True 
2024-07-30 18:20:44.7280 [INFO] MastercardHost.MyLogManager.Log(MyLogManager.cs:40) - _isStopListenEnabled = False 
2024-07-30 18:20:44.7280 [INFO] MastercardHost.MyLogManager.Log(MyLogManager.cs:40) - _isBindEnabled = True 
2024-07-30 18:20:44.7280 [INFO] MastercardHost.MyLogManager.Log(MyLogManager.cs:40) - _isStopBindEnabled = False 
2024-07-30 18:20:44.7280 [INFO] MastercardHost.MyLogManager.Log(MyLogManager.cs:40) - tcpCommunication.ServerStart = False 
2024-07-30 18:20:44.7280 [INFO] MastercardHost.MyLogManager.Log(MyLogManager.cs:40) - tcpCommunication.IsClientConnected = False 
2024-07-30 18:20:45.0610 [INFO] MastercardHost.MyLogManager.Log(MyLogManager.cs:40) - Start StartServer 
2024-07-30 18:20:45.0610 [INFO] MastercardHost.MyLogManager.Log(MyLogManager.cs:40) - Server Listen Status: False 
2024-07-30 18:20:45.0610 [INFO] MastercardHost.MyLogManager.Log(MyLogManager.cs:40) - _isListenEnabled = True 
2024-07-30 18:20:45.0637 [INFO] MastercardHost.MyLogManager.Log(MyLogManager.cs:40) - _isStopListenEnabled = False 
2024-07-30 18:20:45.0637 [INFO] MastercardHost.MyLogManager.Log(MyLogManager.cs:40) - _isBindEnabled = True 
2024-07-30 18:20:45.0637 [INFO] MastercardHost.MyLogManager.Log(MyLogManager.cs:40) - _isStopBindEnabled = False 
2024-07-30 18:20:45.0637 [INFO] MastercardHost.MyLogManager.Log(MyLogManager.cs:40) - tcpCommunication.ServerStart = False 
2024-07-30 18:20:45.0637 [INFO] MastercardHost.MyLogManager.Log(MyLogManager.cs:40) - tcpCommunication.IsClientConnected = False 
2024-07-30 18:20:45.2435 [INFO] MastercardHost.MyLogManager.Log(MyLogManager.cs:40) - Start StartServer 
2024-07-30 18:20:45.2435 [INFO] MastercardHost.MyLogManager.Log(MyLogManager.cs:40) - Server Listen Status: False 
2024-07-30 18:20:45.2435 [INFO] MastercardHost.MyLogManager.Log(MyLogManager.cs:40) - _isListenEnabled = True 
2024-07-30 18:20:45.2435 [INFO] MastercardHost.MyLogManager.Log(MyLogManager.cs:40) - _isStopListenEnabled = False 
2024-07-30 18:20:45.2435 [INFO] MastercardHost.MyLogManager.Log(MyLogManager.cs:40) - _isBindEnabled = True 
2024-07-30 18:20:45.2435 [INFO] MastercardHost.MyLogManager.Log(MyLogManager.cs:40) - _isStopBindEnabled = False 
2024-07-30 18:20:45.2435 [INFO] MastercardHost.MyLogManager.Log(MyLogManager.cs:40) - tcpCommunication.ServerStart = False 
2024-07-30 18:20:45.2435 [INFO] MastercardHost.MyLogManager.Log(MyLogManager.cs:40) - tcpCommunication.IsClientConnected = False 
2024-07-30 18:20:45.4020 [INFO] MastercardHost.MyLogManager.Log(MyLogManager.cs:40) - Start StartServer 
2024-07-30 18:20:45.4020 [INFO] MastercardHost.MyLogManager.Log(MyLogManager.cs:40) - Server Listen Status: False 
2024-07-30 18:20:45.4020 [INFO] MastercardHost.MyLogManager.Log(MyLogManager.cs:40) - _isListenEnabled = True 
2024-07-30 18:20:45.4020 [INFO] MastercardHost.MyLogManager.Log(MyLogManager.cs:40) - _isStopListenEnabled = False 
2024-07-30 18:20:45.4020 [INFO] MastercardHost.MyLogManager.Log(MyLogManager.cs:40) - _isBindEnabled = True 
2024-07-30 18:20:45.4020 [INFO] MastercardHost.MyLogManager.Log(MyLogManager.cs:40) - _isStopBindEnabled = False 
2024-07-30 18:20:45.4020 [INFO] MastercardHost.MyLogManager.Log(MyLogManager.cs:40) - tcpCommunication.ServerStart = False 
2024-07-30 18:20:45.4020 [INFO] MastercardHost.MyLogManager.Log(MyLogManager.cs:40) - tcpCommunication.IsClientConnected = False 
2024-07-30 18:20:45.5736 [INFO] MastercardHost.MyLogManager.Log(MyLogManager.cs:40) - Start StartServer 
2024-07-30 18:20:45.5736 [INFO] MastercardHost.MyLogManager.Log(MyLogManager.cs:40) - Server Listen Status: False 
2024-07-30 18:20:45.5736 [INFO] MastercardHost.MyLogManager.Log(MyLogManager.cs:40) - _isListenEnabled = True 
2024-07-30 18:20:45.5736 [INFO] MastercardHost.MyLogManager.Log(MyLogManager.cs:40) - _isStopListenEnabled = False 
2024-07-30 18:20:45.5736 [INFO] MastercardHost.MyLogManager.Log(MyLogManager.cs:40) - _isBindEnabled = True 
2024-07-30 18:20:45.5736 [INFO] MastercardHost.MyLogManager.Log(MyLogManager.cs:40) - _isStopBindEnabled = False 
2024-07-30 18:20:45.5736 [INFO] MastercardHost.MyLogManager.Log(MyLogManager.cs:40) - tcpCommunication.ServerStart = False 
2024-07-30 18:20:45.5736 [INFO] MastercardHost.MyLogManager.Log(MyLogManager.cs:40) - tcpCommunication.IsClientConnected = False 
2024-07-30 18:20:50.0773 [INFO] MastercardHost.MyLogManager.Log(MyLogManager.cs:40) - Start StartServer 
2024-07-30 18:20:50.0799 [INFO] MastercardHost.MyLogManager.Log(MyLogManager.cs:40) - Server Listen Status: False 
2024-07-30 18:20:50.0799 [INFO] MastercardHost.MyLogManager.Log(MyLogManager.cs:40) - _isListenEnabled = True 
2024-07-30 18:20:50.0799 [INFO] MastercardHost.MyLogManager.Log(MyLogManager.cs:40) - _isStopListenEnabled = False 
2024-07-30 18:20:50.0799 [INFO] MastercardHost.MyLogManager.Log(MyLogManager.cs:40) - _isBindEnabled = True 
2024-07-30 18:20:50.0799 [INFO] MastercardHost.MyLogManager.Log(MyLogManager.cs:40) - _isStopBindEnabled = False 
2024-07-30 18:20:50.0799 [INFO] MastercardHost.MyLogManager.Log(MyLogManager.cs:40) - tcpCommunication.ServerStart = False 
2024-07-30 18:20:50.0799 [INFO] MastercardHost.MyLogManager.Log(MyLogManager.cs:40) - tcpCommunication.IsClientConnected = False 
2024-07-30 18:20:50.2524 [INFO] MastercardHost.MyLogManager.Log(MyLogManager.cs:40) - Start StartServer 
2024-07-30 18:20:50.2524 [INFO] MastercardHost.MyLogManager.Log(MyLogManager.cs:40) - Server Listen Status: False 
2024-07-30 18:20:50.2524 [INFO] MastercardHost.MyLogManager.Log(MyLogManager.cs:40) - _isListenEnabled = True 
2024-07-30 18:20:50.2524 [INFO] MastercardHost.MyLogManager.Log(MyLogManager.cs:40) - _isStopListenEnabled = False 
2024-07-30 18:20:50.2524 [INFO] MastercardHost.MyLogManager.Log(MyLogManager.cs:40) - _isBindEnabled = True 
2024-07-30 18:20:50.2524 [INFO] MastercardHost.MyLogManager.Log(MyLogManager.cs:40) - _isStopBindEnabled = False 
2024-07-30 18:20:50.2524 [INFO] MastercardHost.MyLogManager.Log(MyLogManager.cs:40) - tcpCommunication.ServerStart = False 
2024-07-30 18:20:50.2524 [INFO] MastercardHost.MyLogManager.Log(MyLogManager.cs:40) - tcpCommunication.IsClientConnected = False 
2024-07-30 18:20:50.4125 [INFO] MastercardHost.MyLogManager.Log(MyLogManager.cs:40) - Start StartServer 
2024-07-30 18:20:50.4125 [INFO] MastercardHost.MyLogManager.Log(MyLogManager.cs:40) - Server Listen Status: False 
2024-07-30 18:20:50.4125 [INFO] MastercardHost.MyLogManager.Log(MyLogManager.cs:40) - _isListenEnabled = True 
2024-07-30 18:20:50.4125 [INFO] MastercardHost.MyLogManager.Log(MyLogManager.cs:40) - _isStopListenEnabled = False 
2024-07-30 18:20:50.4125 [INFO] MastercardHost.MyLogManager.Log(MyLogManager.cs:40) - _isBindEnabled = True 
2024-07-30 18:20:50.4125 [INFO] MastercardHost.MyLogManager.Log(MyLogManager.cs:40) - _isStopBindEnabled = False 
2024-07-30 18:20:50.4125 [INFO] MastercardHost.MyLogManager.Log(MyLogManager.cs:40) - tcpCommunication.ServerStart = False 
2024-07-30 18:20:50.4125 [INFO] MastercardHost.MyLogManager.Log(MyLogManager.cs:40) - tcpCommunication.IsClientConnected = False 
2024-07-30 18:20:50.5971 [INFO] MastercardHost.MyLogManager.Log(MyLogManager.cs:40) - Start StartServer 
2024-07-30 18:20:50.5971 [INFO] MastercardHost.MyLogManager.Log(MyLogManager.cs:40) - Server Listen Status: False 
2024-07-30 18:20:50.5971 [INFO] MastercardHost.MyLogManager.Log(MyLogManager.cs:40) - _isListenEnabled = True 
2024-07-30 18:20:50.5971 [INFO] MastercardHost.MyLogManager.Log(MyLogManager.cs:40) - _isStopListenEnabled = False 
2024-07-30 18:20:50.5971 [INFO] MastercardHost.MyLogManager.Log(MyLogManager.cs:40) - _isBindEnabled = True 
2024-07-30 18:20:50.5971 [INFO] MastercardHost.MyLogManager.Log(MyLogManager.cs:40) - _isStopBindEnabled = False 
2024-07-30 18:20:50.5971 [INFO] MastercardHost.MyLogManager.Log(MyLogManager.cs:40) - tcpCommunication.ServerStart = False 
2024-07-30 18:20:50.5971 [INFO] MastercardHost.MyLogManager.Log(MyLogManager.cs:40) - tcpCommunication.IsClientConnected = False 
2024-07-30 18:20:50.7978 [INFO] MastercardHost.MyLogManager.Log(MyLogManager.cs:40) - Start StartServer 
2024-07-30 18:20:50.7978 [INFO] MastercardHost.MyLogManager.Log(MyLogManager.cs:40) - Server Listen Status: False 
2024-07-30 18:20:50.7978 [INFO] MastercardHost.MyLogManager.Log(MyLogManager.cs:40) - _isListenEnabled = True 
2024-07-30 18:20:50.7978 [INFO] MastercardHost.MyLogManager.Log(MyLogManager.cs:40) - _isStopListenEnabled = False 
2024-07-30 18:20:50.7978 [INFO] MastercardHost.MyLogManager.Log(MyLogManager.cs:40) - _isBindEnabled = True 
2024-07-30 18:20:50.7978 [INFO] MastercardHost.MyLogManager.Log(MyLogManager.cs:40) - _isStopBindEnabled = False 
2024-07-30 18:20:50.7978 [INFO] MastercardHost.MyLogManager.Log(MyLogManager.cs:40) - tcpCommunication.ServerStart = False 
2024-07-30 18:20:50.7978 [INFO] MastercardHost.MyLogManager.Log(MyLogManager.cs:40) - tcpCommunication.IsClientConnected = False 
2024-07-30 18:23:43.3924 [INFO] MastercardHost.MyLogManager.Log(MyLogManager.cs:40) - Application started 
2024-07-30 18:23:43.4465 [INFO] MastercardHost.MyLogManager.Log(MyLogManager.cs:40) - 当前区域性:zh-CN 
2024-07-30 18:23:43.4591 [INFO] MastercardHost.MyLogManager.Log(MyLogManager.cs:40) - 区域性名称:中文(简体，中国) 
2024-07-30 18:23:43.4591 [INFO] MastercardHost.MyLogManager.Log(MyLogManager.cs:40) - 当前线程的文化信息:zh-CN 
2024-07-30 18:23:43.5437 [INFO] MastercardHost.MyLogManager.Log(MyLogManager.cs:40) - _isListenEnabled = True 
2024-07-30 18:23:43.5437 [INFO] MastercardHost.MyLogManager.Log(MyLogManager.cs:40) - _isStopListenEnabled = False 
2024-07-30 18:23:43.5437 [INFO] MastercardHost.MyLogManager.Log(MyLogManager.cs:40) - _isBindEnabled = True 
2024-07-30 18:23:43.5437 [INFO] MastercardHost.MyLogManager.Log(MyLogManager.cs:40) - _isStopBindEnabled = False 
2024-07-30 18:23:45.6685 [INFO] MastercardHost.MyLogManager.Log(MyLogManager.cs:40) - Start StartServer 
2024-07-30 18:23:45.6988 [INFO] MastercardHost.MyLogManager.Log(MyLogManager.cs:40) - Server Listen Status: False 
2024-07-30 18:23:45.6988 [INFO] MastercardHost.MyLogManager.Log(MyLogManager.cs:40) - PropertyChanged: IsStopListenEnabled = True 
2024-07-30 18:23:45.7066 [INFO] MastercardHost.MyLogManager.Log(MyLogManager.cs:40) - PropertyChanged: IsListenEnabled = False 
2024-07-30 18:23:45.7066 [INFO] MastercardHost.MyLogManager.Log(MyLogManager.cs:40) - Server Started Listen on 8765 
2024-07-30 18:23:45.7066 [INFO] MastercardHost.MyLogManager.Log(MyLogManager.cs:40) - Server Started = True 
2024-07-30 18:23:45.7066 [INFO] MastercardHost.MyLogManager.Log(MyLogManager.cs:40) - ServerStart = True 
2024-07-30 18:23:46.3834 [INFO] MastercardHost.MyLogManager.Log(MyLogManager.cs:40) - Server Stop Listen: True 
2024-07-30 18:23:46.3834 [INFO] MastercardHost.MyLogManager.Log(MyLogManager.cs:40) - PropertyChanged: IsStopListenEnabled = False 
2024-07-30 18:23:46.3834 [INFO] MastercardHost.MyLogManager.Log(MyLogManager.cs:40) - PropertyChanged: IsListenEnabled = True 
2024-07-30 18:23:47.0571 [INFO] MastercardHost.MyLogManager.Log(MyLogManager.cs:40) - Start StartServer 
2024-07-30 18:23:47.0571 [INFO] MastercardHost.MyLogManager.Log(MyLogManager.cs:40) - Server Listen Status: False 
2024-07-30 18:23:47.0571 [INFO] MastercardHost.MyLogManager.Log(MyLogManager.cs:40) - PropertyChanged: IsStopListenEnabled = True 
2024-07-30 18:23:47.0571 [INFO] MastercardHost.MyLogManager.Log(MyLogManager.cs:40) - PropertyChanged: IsListenEnabled = False 
2024-07-30 18:23:47.0633 [INFO] MastercardHost.MyLogManager.Log(MyLogManager.cs:40) - Server Started Listen on 8765 
2024-07-30 18:23:47.0633 [INFO] MastercardHost.MyLogManager.Log(MyLogManager.cs:40) - Server Started = True 
2024-07-30 18:23:47.0633 [INFO] MastercardHost.MyLogManager.Log(MyLogManager.cs:40) - ServerStart = True 
2024-07-30 18:23:47.8410 [INFO] MastercardHost.MyLogManager.Log(MyLogManager.cs:40) - Server Stop Listen: True 
2024-07-30 18:23:47.8410 [INFO] MastercardHost.MyLogManager.Log(MyLogManager.cs:40) - PropertyChanged: IsStopListenEnabled = False 
2024-07-30 18:23:47.8461 [INFO] MastercardHost.MyLogManager.Log(MyLogManager.cs:40) - PropertyChanged: IsListenEnabled = True 
2024-07-30 18:23:48.3828 [INFO] MastercardHost.MyLogManager.Log(MyLogManager.cs:40) - Start StartServer 
2024-07-30 18:23:48.3828 [INFO] MastercardHost.MyLogManager.Log(MyLogManager.cs:40) - Server Listen Status: False 
2024-07-30 18:23:48.3828 [INFO] MastercardHost.MyLogManager.Log(MyLogManager.cs:40) - PropertyChanged: IsStopListenEnabled = True 
2024-07-30 18:23:48.3914 [INFO] MastercardHost.MyLogManager.Log(MyLogManager.cs:40) - PropertyChanged: IsListenEnabled = False 
2024-07-30 18:23:48.3914 [INFO] MastercardHost.MyLogManager.Log(MyLogManager.cs:40) - Server Started Listen on 8765 
2024-07-30 18:23:48.3914 [INFO] MastercardHost.MyLogManager.Log(MyLogManager.cs:40) - Server Started = True 
2024-07-30 18:23:48.3914 [INFO] MastercardHost.MyLogManager.Log(MyLogManager.cs:40) - ServerStart = True 
2024-07-30 18:23:48.8726 [INFO] MastercardHost.MyLogManager.Log(MyLogManager.cs:40) - Server Stop Listen: True 
2024-07-30 18:23:48.8726 [INFO] MastercardHost.MyLogManager.Log(MyLogManager.cs:40) - PropertyChanged: IsStopListenEnabled = False 
2024-07-30 18:23:48.8798 [INFO] MastercardHost.MyLogManager.Log(MyLogManager.cs:40) - PropertyChanged: IsListenEnabled = True 
2024-07-30 18:23:49.4590 [INFO] MastercardHost.MyLogManager.Log(MyLogManager.cs:40) - Start StartServer 
2024-07-30 18:23:49.4590 [INFO] MastercardHost.MyLogManager.Log(MyLogManager.cs:40) - Server Listen Status: False 
2024-07-30 18:23:49.4590 [INFO] MastercardHost.MyLogManager.Log(MyLogManager.cs:40) - PropertyChanged: IsStopListenEnabled = True 
2024-07-30 18:23:49.4590 [INFO] MastercardHost.MyLogManager.Log(MyLogManager.cs:40) - PropertyChanged: IsListenEnabled = False 
2024-07-30 18:23:49.4590 [INFO] MastercardHost.MyLogManager.Log(MyLogManager.cs:40) - Server Started Listen on 8765 
2024-07-30 18:23:49.4590 [INFO] MastercardHost.MyLogManager.Log(MyLogManager.cs:40) - Server Started = True 
2024-07-30 18:23:49.4590 [INFO] MastercardHost.MyLogManager.Log(MyLogManager.cs:40) - ServerStart = True 
2024-07-30 18:23:50.0162 [INFO] MastercardHost.MyLogManager.Log(MyLogManager.cs:40) - Server Stop Listen: True 
2024-07-30 18:23:50.0162 [INFO] MastercardHost.MyLogManager.Log(MyLogManager.cs:40) - PropertyChanged: IsStopListenEnabled = False 
2024-07-30 18:23:50.0162 [INFO] MastercardHost.MyLogManager.Log(MyLogManager.cs:40) - PropertyChanged: IsListenEnabled = True 
2024-07-30 18:23:50.4944 [INFO] MastercardHost.MyLogManager.Log(MyLogManager.cs:40) - Start StartServer 
2024-07-30 18:23:50.4944 [INFO] MastercardHost.MyLogManager.Log(MyLogManager.cs:40) - Server Listen Status: False 
2024-07-30 18:23:50.4944 [INFO] MastercardHost.MyLogManager.Log(MyLogManager.cs:40) - PropertyChanged: IsStopListenEnabled = True 
2024-07-30 18:23:50.4944 [INFO] MastercardHost.MyLogManager.Log(MyLogManager.cs:40) - PropertyChanged: IsListenEnabled = False 
2024-07-30 18:23:50.5013 [INFO] MastercardHost.MyLogManager.Log(MyLogManager.cs:40) - Server Started Listen on 8765 
2024-07-30 18:23:50.5013 [INFO] MastercardHost.MyLogManager.Log(MyLogManager.cs:40) - Server Started = True 
2024-07-30 18:23:50.5013 [INFO] MastercardHost.MyLogManager.Log(MyLogManager.cs:40) - ServerStart = True 
2024-07-30 18:23:50.9867 [INFO] MastercardHost.MyLogManager.Log(MyLogManager.cs:40) - Server Stop Listen: True 
2024-07-30 18:23:50.9867 [INFO] MastercardHost.MyLogManager.Log(MyLogManager.cs:40) - PropertyChanged: IsStopListenEnabled = False 
2024-07-30 18:23:50.9867 [INFO] MastercardHost.MyLogManager.Log(MyLogManager.cs:40) - PropertyChanged: IsListenEnabled = True 
2024-07-30 18:44:46.1590 [INFO] MastercardHost.MyLogManager.Log(MyLogManager.cs:40) - Application started 
2024-07-30 18:44:46.2215 [INFO] MastercardHost.MyLogManager.Log(MyLogManager.cs:40) - 当前区域性:zh-CN 
2024-07-30 18:44:46.2215 [INFO] MastercardHost.MyLogManager.Log(MyLogManager.cs:40) - 区域性名称:中文(简体，中国) 
2024-07-30 18:44:46.2215 [INFO] MastercardHost.MyLogManager.Log(MyLogManager.cs:40) - 当前线程的文化信息:zh-CN 
2024-07-30 18:44:46.3176 [INFO] MastercardHost.MyLogManager.Log(MyLogManager.cs:40) - _isListenEnabled = True 
2024-07-30 18:44:46.3176 [INFO] MastercardHost.MyLogManager.Log(MyLogManager.cs:40) - _isStopListenEnabled = False 
2024-07-30 18:44:46.3176 [INFO] MastercardHost.MyLogManager.Log(MyLogManager.cs:40) - _isBindEnabled = True 
2024-07-30 18:44:46.3176 [INFO] MastercardHost.MyLogManager.Log(MyLogManager.cs:40) - _isStopBindEnabled = False 
2024-07-30 18:45:07.2824 [INFO] MastercardHost.MyLogManager.Log(MyLogManager.cs:40) - Application started 
2024-07-30 18:45:07.3287 [INFO] MastercardHost.MyLogManager.Log(MyLogManager.cs:40) - 当前区域性:zh-CN 
2024-07-30 18:45:07.3287 [INFO] MastercardHost.MyLogManager.Log(MyLogManager.cs:40) - 区域性名称:中文(简体，中国) 
2024-07-30 18:45:07.3287 [INFO] MastercardHost.MyLogManager.Log(MyLogManager.cs:40) - 当前线程的文化信息:zh-CN 
2024-07-30 18:45:07.4651 [INFO] MastercardHost.MyLogManager.Log(MyLogManager.cs:40) - _isListenEnabled = True 
2024-07-30 18:45:07.4651 [INFO] MastercardHost.MyLogManager.Log(MyLogManager.cs:40) - _isStopListenEnabled = False 
2024-07-30 18:45:07.4651 [INFO] MastercardHost.MyLogManager.Log(MyLogManager.cs:40) - _isBindEnabled = True 
2024-07-30 18:45:07.4651 [INFO] MastercardHost.MyLogManager.Log(MyLogManager.cs:40) - _isStopBindEnabled = False 
2024-07-30 18:45:35.5022 [INFO] MastercardHost.MyLogManager.Log(MyLogManager.cs:40) - Application started 
2024-07-30 18:45:35.5595 [INFO] MastercardHost.MyLogManager.Log(MyLogManager.cs:40) - 当前区域性:zh-CN 
2024-07-30 18:45:35.5711 [INFO] MastercardHost.MyLogManager.Log(MyLogManager.cs:40) - 区域性名称:中文(简体，中国) 
2024-07-30 18:45:35.5711 [INFO] MastercardHost.MyLogManager.Log(MyLogManager.cs:40) - 当前线程的文化信息:zh-CN 
2024-07-30 18:45:35.6479 [INFO] MastercardHost.MyLogManager.Log(MyLogManager.cs:40) - _isListenEnabled = True 
2024-07-30 18:45:35.6479 [INFO] MastercardHost.MyLogManager.Log(MyLogManager.cs:40) - _isStopListenEnabled = False 
2024-07-30 18:45:35.6479 [INFO] MastercardHost.MyLogManager.Log(MyLogManager.cs:40) - _isBindEnabled = True 
2024-07-30 18:45:35.6479 [INFO] MastercardHost.MyLogManager.Log(MyLogManager.cs:40) - _isStopBindEnabled = False 
2024-07-30 18:50:33.9382 [INFO] MastercardHost.MyLogManager.Log(MyLogManager.cs:40) - Application started 
2024-07-30 18:50:34.0015 [INFO] MastercardHost.MyLogManager.Log(MyLogManager.cs:40) - 当前区域性:zh-CN 
2024-07-30 18:50:34.0015 [INFO] MastercardHost.MyLogManager.Log(MyLogManager.cs:40) - 区域性名称:中文(简体，中国) 
2024-07-30 18:50:34.0015 [INFO] MastercardHost.MyLogManager.Log(MyLogManager.cs:40) - 当前线程的文化信息:zh-CN 
2024-07-30 18:50:34.0861 [INFO] MastercardHost.MyLogManager.Log(MyLogManager.cs:40) - _isListenEnabled = True 
2024-07-30 18:50:34.0861 [INFO] MastercardHost.MyLogManager.Log(MyLogManager.cs:40) - _isStopListenEnabled = False 
2024-07-30 18:50:34.0861 [INFO] MastercardHost.MyLogManager.Log(MyLogManager.cs:40) - _isBindEnabled = True 
2024-07-30 18:50:34.0861 [INFO] MastercardHost.MyLogManager.Log(MyLogManager.cs:40) - _isStopBindEnabled = False 
2024-07-30 18:50:37.1295 [INFO] MastercardHost.MyLogManager.Log(MyLogManager.cs:40) - Server Listen Status: False 
2024-07-30 18:50:37.1295 [INFO] MastercardHost.MyLogManager.Log(MyLogManager.cs:40) - PropertyChanged: IsStopListenEnabled = True 
2024-07-30 18:50:37.1295 [INFO] MastercardHost.MyLogManager.Log(MyLogManager.cs:40) - PropertyChanged: IsListenEnabled = False 
2024-07-30 18:50:37.1762 [INFO] MastercardHost.MyLogManager.Log(MyLogManager.cs:40) - Server Started Listen on 8765 
2024-07-30 18:50:38.3183 [INFO] MastercardHost.MyLogManager.Log(MyLogManager.cs:40) - Server Stop Listen: True 
2024-07-30 18:50:38.3183 [INFO] MastercardHost.MyLogManager.Log(MyLogManager.cs:40) - PropertyChanged: IsStopListenEnabled = False 
2024-07-30 18:50:38.3183 [INFO] MastercardHost.MyLogManager.Log(MyLogManager.cs:40) - PropertyChanged: IsListenEnabled = True 
2024-07-30 18:51:33.3312 [INFO] MastercardHost.MyLogManager.Log(MyLogManager.cs:40) - Application started 
2024-07-30 18:51:33.3799 [INFO] MastercardHost.MyLogManager.Log(MyLogManager.cs:40) - 当前区域性:zh-CN 
2024-07-30 18:51:33.3912 [INFO] MastercardHost.MyLogManager.Log(MyLogManager.cs:40) - 区域性名称:中文(简体，中国) 
2024-07-30 18:51:33.3912 [INFO] MastercardHost.MyLogManager.Log(MyLogManager.cs:40) - 当前线程的文化信息:zh-CN 
2024-07-30 18:51:33.4589 [INFO] MastercardHost.MyLogManager.Log(MyLogManager.cs:40) - _isListenEnabled = True 
2024-07-30 18:51:33.4589 [INFO] MastercardHost.MyLogManager.Log(MyLogManager.cs:40) - _isStopListenEnabled = False 
2024-07-30 18:51:33.4589 [INFO] MastercardHost.MyLogManager.Log(MyLogManager.cs:40) - _isBindEnabled = True 
2024-07-30 18:51:33.4589 [INFO] MastercardHost.MyLogManager.Log(MyLogManager.cs:40) - _isStopBindEnabled = False 
2024-07-30 18:52:06.8919 [INFO] MastercardHost.MyLogManager.Log(MyLogManager.cs:40) - Application started 
2024-07-30 18:52:06.9385 [INFO] MastercardHost.MyLogManager.Log(MyLogManager.cs:40) - 当前区域性:zh-CN 
2024-07-30 18:52:06.9385 [INFO] MastercardHost.MyLogManager.Log(MyLogManager.cs:40) - 区域性名称:中文(简体，中国) 
2024-07-30 18:52:06.9385 [INFO] MastercardHost.MyLogManager.Log(MyLogManager.cs:40) - 当前线程的文化信息:zh-CN 
2024-07-30 18:52:07.0357 [INFO] MastercardHost.MyLogManager.Log(MyLogManager.cs:40) - _isListenEnabled = True 
2024-07-30 18:52:07.0357 [INFO] MastercardHost.MyLogManager.Log(MyLogManager.cs:40) - _isStopListenEnabled = False 
2024-07-30 18:52:07.0357 [INFO] MastercardHost.MyLogManager.Log(MyLogManager.cs:40) - _isBindEnabled = True 
2024-07-30 18:52:07.0357 [INFO] MastercardHost.MyLogManager.Log(MyLogManager.cs:40) - _isStopBindEnabled = False 
2024-07-30 18:52:26.1609 [INFO] MastercardHost.MyLogManager.Log(MyLogManager.cs:40) - Application started 
2024-07-30 18:52:26.2248 [INFO] MastercardHost.MyLogManager.Log(MyLogManager.cs:40) - 当前区域性:zh-CN 
2024-07-30 18:52:26.2380 [INFO] MastercardHost.MyLogManager.Log(MyLogManager.cs:40) - 区域性名称:中文(简体，中国) 
2024-07-30 18:52:26.2380 [INFO] MastercardHost.MyLogManager.Log(MyLogManager.cs:40) - 当前线程的文化信息:zh-CN 
2024-07-30 18:52:26.3243 [INFO] MastercardHost.MyLogManager.Log(MyLogManager.cs:40) - _isListenEnabled = True 
2024-07-30 18:52:26.3243 [INFO] MastercardHost.MyLogManager.Log(MyLogManager.cs:40) - _isStopListenEnabled = False 
2024-07-30 18:52:26.3243 [INFO] MastercardHost.MyLogManager.Log(MyLogManager.cs:40) - _isBindEnabled = True 
2024-07-30 18:52:26.3243 [INFO] MastercardHost.MyLogManager.Log(MyLogManager.cs:40) - _isStopBindEnabled = False 
2024-07-30 18:55:41.1889 [INFO] MastercardHost.MyLogManager.Log(MyLogManager.cs:40) - Application started 
2024-07-30 18:55:41.2362 [INFO] MastercardHost.MyLogManager.Log(MyLogManager.cs:40) - 当前区域性:zh-CN 
2024-07-30 18:55:41.2362 [INFO] MastercardHost.MyLogManager.Log(MyLogManager.cs:40) - 区域性名称:中文(简体，中国) 
2024-07-30 18:55:41.2362 [INFO] MastercardHost.MyLogManager.Log(MyLogManager.cs:40) - 当前线程的文化信息:zh-CN 
2024-07-30 18:55:41.3259 [INFO] MastercardHost.MyLogManager.Log(MyLogManager.cs:40) - _isListenEnabled = True 
2024-07-30 18:55:41.3259 [INFO] MastercardHost.MyLogManager.Log(MyLogManager.cs:40) - _isStopListenEnabled = False 
2024-07-30 18:55:41.3259 [INFO] MastercardHost.MyLogManager.Log(MyLogManager.cs:40) - _isBindEnabled = True 
2024-07-30 18:55:41.3259 [INFO] MastercardHost.MyLogManager.Log(MyLogManager.cs:40) - _isStopBindEnabled = False 
2024-07-30 18:56:50.2861 [INFO] MastercardHost.MyLogManager.Log(MyLogManager.cs:40) - Application started 
2024-07-30 18:56:50.3407 [INFO] MastercardHost.MyLogManager.Log(MyLogManager.cs:40) - 当前区域性:zh-CN 
2024-07-30 18:56:50.3516 [INFO] MastercardHost.MyLogManager.Log(MyLogManager.cs:40) - 区域性名称:中文(简体，中国) 
2024-07-30 18:56:50.3516 [INFO] MastercardHost.MyLogManager.Log(MyLogManager.cs:40) - 当前线程的文化信息:zh-CN 
2024-07-30 18:56:50.4269 [INFO] MastercardHost.MyLogManager.Log(MyLogManager.cs:40) - _isListenEnabled = True 
2024-07-30 18:56:50.4269 [INFO] MastercardHost.MyLogManager.Log(MyLogManager.cs:40) - _isStopListenEnabled = False 
2024-07-30 18:56:50.4269 [INFO] MastercardHost.MyLogManager.Log(MyLogManager.cs:40) - _isBindEnabled = True 
2024-07-30 18:56:50.4269 [INFO] MastercardHost.MyLogManager.Log(MyLogManager.cs:40) - _isStopBindEnabled = False 
2024-07-30 18:58:04.7198 [INFO] MastercardHost.MyLogManager.Log(MyLogManager.cs:40) - Application started 
2024-07-30 18:58:04.7610 [INFO] MastercardHost.MyLogManager.Log(MyLogManager.cs:40) - 当前区域性:zh-CN 
2024-07-30 18:58:04.7706 [INFO] MastercardHost.MyLogManager.Log(MyLogManager.cs:40) - 区域性名称:中文(简体，中国) 
2024-07-30 18:58:04.7706 [INFO] MastercardHost.MyLogManager.Log(MyLogManager.cs:40) - 当前线程的文化信息:zh-CN 
2024-07-30 18:58:04.8413 [INFO] MastercardHost.MyLogManager.Log(MyLogManager.cs:40) - _isListenEnabled = True 
2024-07-30 18:58:04.8413 [INFO] MastercardHost.MyLogManager.Log(MyLogManager.cs:40) - _isStopListenEnabled = False 
2024-07-30 18:58:04.8413 [INFO] MastercardHost.MyLogManager.Log(MyLogManager.cs:40) - _isBindEnabled = True 
2024-07-30 18:58:04.8413 [INFO] MastercardHost.MyLogManager.Log(MyLogManager.cs:40) - _isStopBindEnabled = False 
2024-07-30 18:58:32.2358 [INFO] MastercardHost.MyLogManager.Log(MyLogManager.cs:40) - Server Listen Status: False 
2024-07-30 18:58:32.2358 [INFO] MastercardHost.MyLogManager.Log(MyLogManager.cs:40) - PropertyChanged: IsStopListenEnabled = True 
2024-07-30 18:58:32.2358 [INFO] MastercardHost.MyLogManager.Log(MyLogManager.cs:40) - PropertyChanged: IsListenEnabled = False 
2024-07-30 18:58:32.2521 [INFO] MastercardHost.MyLogManager.Log(MyLogManager.cs:40) - Server Started Listen on 8765 
